<?xml version="1.0" encoding="UTF-8"?>
<!-- Generated by org.testng.reporters.JUnitReportReporter -->
<testsuite hostname="DESKTOP-FFFNN1J" failures="0" tests="2" name="Runner.testRunner" time="47.959" errors="0" timestamp="2025-01-23T18:43:44 IST" skipped="0">
  <testcase classname="Runner.testRunner" name="runScenario" time="22.260"/>
  <system-out/>
  <testcase classname="Runner.testRunner" name="runScenario" time="25.699"/>
  <system-out/>
</testsuite> <!-- Runner.testRunner -->
