<?xml version="1.0" encoding="UTF-8"?>
<!-- Generated by org.testng.reporters.JUnitReportReporter -->
<testsuite hostname="DESKTOP-FFFNN1J" failures="0" tests="6" name="Runner.testRunner" time="115.421" errors="0" timestamp="2025-01-23T15:29:35 IST" skipped="0">
  <testcase classname="Runner.testRunner" name="runScenario" time="18.789"/>
  <system-out/>
  <testcase classname="Runner.testRunner" name="runScenario" time="19.021"/>
  <system-out/>
  <testcase classname="Runner.testRunner" name="runScenario" time="19.088"/>
  <system-out/>
  <testcase classname="Runner.testRunner" name="runScenario" time="19.427"/>
  <system-out/>
  <testcase classname="Runner.testRunner" name="runScenario" time="19.694"/>
  <system-out/>
  <testcase classname="Runner.testRunner" name="runScenario" time="19.402"/>
  <system-out/>
</testsuite> <!-- Runner.testRunner -->
