<?xml version="1.0" encoding="UTF-8"?>
<!-- Generated by org.testng.reporters.JUnitReportReporter -->
<testsuite hostname="DESKTOP-RUSN8H5" failures="0" tests="1" name="Runner.testRunner" time="23.913" errors="0" timestamp="2025-01-24T12:54:03 IST" skipped="0">
  <testcase classname="Runner.testRunner" name="runScenario" time="23.913"/>
  <system-out/>
</testsuite> <!-- Runner.testRunner -->
