<?xml version="1.0" encoding="UTF-8"?>
<!-- Generated by org.testng.reporters.JUnitReportReporter -->
<testsuite hostname="DESKTOP-FFFNN1J" failures="0" tests="5" name="Runner.testRunner" time="98.205" errors="0" timestamp="2025-01-22T18:23:57 IST" skipped="0">
  <testcase classname="Runner.testRunner" name="runScenario" time="20.445"/>
  <system-out/>
  <testcase classname="Runner.testRunner" name="runScenario" time="20.815"/>
  <system-out/>
  <testcase classname="Runner.testRunner" name="runScenario" time="19.315"/>
  <system-out/>
  <testcase classname="Runner.testRunner" name="runScenario" time="19.172"/>
  <system-out/>
  <testcase classname="Runner.testRunner" name="runScenario" time="18.458"/>
  <system-out/>
</testsuite> <!-- Runner.testRunner -->
