<?xml version="1.0" encoding="UTF-8"?>
<!-- Generated by org.testng.reporters.JUnitReportReporter -->
<testsuite hostname="DESKTOP-RUSN8H5" failures="0" tests="2" name="Runner.testRunner" time="24.894" errors="0" timestamp="2025-01-28T17:48:15 IST" skipped="0">
  <testcase classname="Runner.testRunner" name="runScenario" time="15.110"/>
  <system-out/>
  <testcase classname="Runner.testRunner" name="runScenario" time="9.784"/>
  <system-out/>
</testsuite> <!-- Runner.testRunner -->
