<?xml version="1.0" encoding="UTF-8"?>
<!-- Generated by org.testng.reporters.JUnitReportReporter -->
<testsuite hostname="DESKTOP-FFFNN1J" failures="0" tests="6" name="Runner.testRunner" time="99.083" errors="0" timestamp="2025-01-23T17:16:22 IST" skipped="0">
  <testcase classname="Runner.testRunner" name="runScenario" time="16.434"/>
  <system-out/>
  <testcase classname="Runner.testRunner" name="runScenario" time="15.810"/>
  <system-out/>
  <testcase classname="Runner.testRunner" name="runScenario" time="20.696"/>
  <system-out/>
  <testcase classname="Runner.testRunner" name="runScenario" time="11.831"/>
  <system-out/>
  <testcase classname="Runner.testRunner" name="runScenario" time="19.724"/>
  <system-out/>
  <testcase classname="Runner.testRunner" name="runScenario" time="14.588"/>
  <system-out/>
</testsuite> <!-- Runner.testRunner -->
