<?xml version="1.0" encoding="UTF-8"?>
<!-- Generated by org.testng.reporters.JUnitReportReporter -->
<testsuite hostname="Rajrane" failures="0" tests="1" name="Runner.testRunner" time="26.615" errors="0" timestamp="2025-01-20T17:49:05 IST" skipped="0">
  <testcase classname="Runner.testRunner" name="runScenario" time="26.615"/>
  <system-out/>
</testsuite> <!-- Runner.testRunner -->
