<?xml version="1.0" encoding="UTF-8"?>
<!-- Generated by org.testng.reporters.JUnitReportReporter -->
<testsuite hostname="DESKTOP-FFFNN1J" failures="0" tests="7" name="Runner.testRunner" time="113.351" errors="0" timestamp="2025-01-22T15:36:01 IST" skipped="0">
  <testcase classname="Runner.testRunner" name="runScenario" time="17.070"/>
  <system-out/>
  <testcase classname="Runner.testRunner" name="runScenario" time="16.228"/>
  <system-out/>
  <testcase classname="Runner.testRunner" name="runScenario" time="13.769"/>
  <system-out/>
  <testcase classname="Runner.testRunner" name="runScenario" time="15.876"/>
  <system-out/>
  <testcase classname="Runner.testRunner" name="runScenario" time="19.757"/>
  <system-out/>
  <testcase classname="Runner.testRunner" name="runScenario" time="14.445"/>
  <system-out/>
  <testcase classname="Runner.testRunner" name="runScenario" time="16.206"/>
  <system-out/>
</testsuite> <!-- Runner.testRunner -->
